<?xml version="1.0" encoding="UTF-8"?>
<testng-results ignored="0" total="1" passed="1" failed="0" skipped="0">
  <reporter-output>
  </reporter-output>
  <suite started-at="2019-07-24T18:12:38Z" name="Default suite" finished-at="2019-07-24T18:12:41Z" duration-ms="2295">
    <groups>
    </groups>
    <test started-at="2019-07-24T18:12:38Z" name="Default test" finished-at="2019-07-24T18:12:41Z" duration-ms="2295">
      <class name="com.qa.testCases.TC002_GET_Single_Employee_Data">
        <test-method signature="singleEmployeeData()[pri:0, instance:com.qa.testCases.TC002_GET_Single_Employee_Data@6295d394]" started-at="2019-07-24T18:12:38Z" name="singleEmployeeData" finished-at="2019-07-24T18:12:41Z" duration-ms="2264" status="PASS">
          <reporter-output>
          </reporter-output>
        </test-method> <!-- singleEmployeeData -->
      </class> <!-- com.qa.testCases.TC002_GET_Single_Employee_Data -->
    </test> <!-- Default test -->
  </suite> <!-- Default suite -->
</testng-results>
